============================= test session starts =============================
platform win32 -- Python 3.12.2, pytest-9.1.1, pluggy-1.6.0 -- C:\Python312\python.exe
cachedir: .pytest_cache
rootdir: D:\ai_project\dataAanlystNew
configfile: pytest.ini
plugins: anyio-4.12.1
collecting ... collected 21 items

tests/test_blackbox_api_mgmt.py::test_list_apis_zh_returns_all_17 FAILED [  4%]
tests/test_blackbox_api_mgmt.py::test_list_apis_en_returns_english_names PASSED [  9%]
tests/test_blackbox_api_mgmt.py::test_list_apis_contains_required_fields PASSED [ 14%]
tests/test_blackbox_api_mgmt.py::test_list_apis_locale_fallback FAILED   [ 19%]
tests/test_blackbox_api_mgmt.py::test_list_strategies_returns_five PASSED [ 23%]
tests/test_blackbox_api_mgmt.py::test_list_strategies_custom_has_null_delay PASSED [ 28%]
tests/test_blackbox_api_mgmt.py::test_probe_unknown_key_returns_404 PASSED [ 33%]
tests/test_blackbox_api_mgmt.py::test_probe_known_key_returns_result FAILED [ 38%]
tests/test_blackbox_api_mgmt.py::test_probe_returns_within_30s FAILED    [ 42%]
tests/test_blackbox_api_mgmt.py::test_update_config_unknown_key_returns_404 FAILED [ 47%]
tests/test_blackbox_api_mgmt.py::test_update_config_invalid_strategy_returns_400 PASSED [ 52%]
tests/test_blackbox_api_mgmt.py::test_update_config_custom_min_gt_max_returns_400 PASSED [ 57%]
tests/test_blackbox_api_mgmt.py::test_update_config_delay_out_of_range_returns_422 PASSED [ 61%]
tests/test_blackbox_api_mgmt.py::test_update_config_negative_delay_returns_422 PASSED [ 66%]
tests/test_blackbox_api_mgmt.py::test_update_config_enabled_takes_effect_immediately SKIPPED [ 71%]
tests/test_blackbox_api_mgmt.py::test_update_config_strategy_takes_effect_immediately SKIPPED [ 76%]
tests/test_blackbox_api_mgmt.py::test_update_config_partial_update SKIPPED [ 80%]
tests/test_blackbox_api_mgmt.py::test_probe_returns_within_30s_with_real_backend FAILED [ 85%]
tests/test_blackbox_api_mgmt.py::test_probe_all_17_apis_complete_within_180s FAILED [ 90%]
tests/test_blackbox_api_mgmt.py::test_consecutive_probes_do_not_degrade_response_time FAILED [ 95%]
tests/test_blackbox_api_mgmt.py::test_discovery_tasks_list_returns_quickly PASSED [100%]

================================== FAILURES ===================================
______________________ test_list_apis_zh_returns_all_17 _______________________
tests\test_blackbox_api_mgmt.py:52: in test_list_apis_zh_returns_all_17
    assert len(data) == 17, f"应有 17 个接口, 实际 {len(data)}"
E   AssertionError: 应有 17 个接口, 实际 18
E   assert 18 == 17
E    +  where 18 = len([{'key': 'stock_zh_a_hist', 'name': 'A\u80a1\u65e5K\uff08\u4e1c\u8d22\uff09', 'category': '\u884c\u60c5\u5386\u53f2', 'module': 'market_data', 'description': 'A\u80a1\u65e5K\u7ebf\u4e3b\u6570\u636e\u6e90', 'default_strategy': 'standard', 'enabled': True, 'anti_risk_strategy': 'standard', 'delay_min_ms': 300, 'delay_max_ms': 800, 'last_probe_at': None, 'last_probe_success': None, 'last_probe_latency_ms': None, 'last_probe_error': None, 'last_call_at': None, 'last_call_success': None, 'last_call_error': None, 'total_calls': 0, 'total_failures': 0}, {'key': 'stock_zh_a_daily', 'name': 'A\u80a1\u65e5K\uff08\u65b0\u6d6a\uff09', 'category': '\u884c\u60c5\u5386\u53f2', 'module': 'market_data', 'description': 'A\u80a1\u65e5K\u7ebf\u5907\u7528\u6570\u636e\u6e90', 'default_strategy': 'standard', 'enabled': True, 'anti_risk_strategy': 'standard', 'delay_min_ms': 300, 'delay_max_ms': 800, 'last_probe_at': None, 'last_probe_success': None, 'last_probe_latency_ms': None, 'last_probe_error': None, 'last_call_at': None, 'last_call_success': None, 'last_call_error': None, 'total_calls': 0, 'total_failures': 0}, {'key': 'stock_zh_a_hist_tx', 'name': 'A\u80a1\u65e5K\uff08\u817e\u8baf\uff09', 'category': '\u884c\u60c5\u5386\u53f2', 'module': 'market_data', 'description': 'A\u80a1\u65e5K\u7ebf\u5907\u7528\u6570\u636e\u6e90', 'default_strategy': 'standard', 'enabled': True, 'anti_risk_strategy': 'standard', 'delay_min_ms': 300, 'delay_max_ms': 800, 'last_probe_at': None, 'last_probe_success': None, 'last_probe_latency_ms': None, 'last_probe_error': None, 'last_call_at': None, 'last_call_success': None, 'last_call_error': None, 'total_calls': 0, 'total_failures': 0}, {'key': 'fund_etf_hist_em', 'name': 'ETF\u65e5K\uff08\u4e1c\u8d22\uff09', 'category': '\u884c\u60c5\u5386\u53f2', 'module': 'market_data', 'description': 'ETF\u65e5K\u7ebf\u4e3b\u6570\u636e\u6e90', 'default_strategy': 'standard', 'enabled': True, 'anti_risk_strategy': 'standard', 'delay_min_ms': 300, 'delay_max_ms': 800, 'last_probe_at': None, 'last_probe_success': None, 'last_probe_latency_ms': None, 'last_probe_error': None, 'last_call_at': None, 'last_call_success': None, 'last_call_error': None, 'total_calls': 0, 'total_failures': 0}, {'key': 'fund_etf_hist_sina', 'name': 'ETF\u65e5K\uff08\u65b0\u6d6a\uff09', 'category': '\u884c\u60c5\u5386\u53f2', 'module': 'market_data', 'description': 'ETF\u65e5K\u7ebf\u5907\u7528\u6570\u636e\u6e90', 'default_strategy': 'standard', 'enabled': True, 'anti_risk_strategy': 'standard', 'delay_min_ms': 300, 'delay_max_ms': 800, 'last_probe_at': None, 'last_probe_success': None, 'last_probe_latency_ms': None, 'last_probe_error': None, 'last_call_at': None, 'last_call_success': None, 'last_call_error': None, 'total_calls': 0, 'total_failures': 0}, {'key': 'stock_us_daily', 'name': '\u7f8e\u80a1\u65e5K', 'category': '\u884c\u60c5\u5386\u53f2', 'module': 'market_data', 'description': '\u7f8e\u80a1\u65e5K\u7ebf', 'default_strategy': 'standard', 'enabled': True, 'anti_risk_strategy': 'standard', 'delay_min_ms': 300, 'delay_max_ms': 800, 'last_probe_at': None, 'last_probe_success': None, 'last_probe_latency_ms': None, 'last_probe_error': None, 'last_call_at': None, 'last_call_success': None, 'last_call_error': None, 'total_calls': 0, 'total_failures': 0}, {'key': 'stock_zh_a_spot_em', 'name': 'A\u80a1\u5b9e\u65f6\u884c\u60c5\uff08\u4e1c\u8d22\uff09', 'category': '\u5b9e\u65f6\u884c\u60c5', 'module': 'fundamental_data', 'description': '\u5168A\u80a1PE/PB/\u5e02\u503c\u5feb\u7167\uff0cP2 \u4f30\u503c\u6570\u636e\u6e90', 'default_strategy': 'conservative', 'enabled': True, 'anti_risk_strategy': 'conservative', 'delay_min_ms': 300, 'delay_max_ms': 800, 'last_probe_at': None, 'last_probe_success': None, 'last_probe_latency_ms': None, 'last_probe_error': None, 'last_call_at': None, 'last_call_success': None, 'last_call_error': None, 'total_calls': 0, 'total_failures': 0}, {'key': 'fund_etf_spot_em', 'name': 'ETF\u5b9e\u65f6\u884c\u60c5\uff08\u4e1c\u8d22\uff09', 'category': '\u5b9e\u65f6\u884c\u60c5', 'module': 'etf_basic_data', 'description': 'ETF\u5b9e\u65f6\u51c0\u503c/\u6298\u4ef7\u7387\uff0cP2 ETF \u6307\u6807\u6570\u636e\u6e90', 'default_strategy': 'conservative', 'enabled': True, 'anti_risk_strategy': 'conservative', 'delay_min_ms': 300, 'delay_max_ms': 800, 'last_probe_at': None, 'last_probe_success': None, 'last_probe_latency_ms': None, 'last_probe_error': None, 'last_call_at': None, 'last_call_success': None, 'last_call_error': None, 'total_calls': 0, 'total_failures': 0}, {'key': 'fund_etf_fund_info_em', 'name': 'ETF\u5386\u53f2\u51c0\u503c\uff08\u4e1c\u8d22\uff09', 'category': 'ETF\u4e13\u9879', 'module': 'etf_basic_data', 'description': 'ETF\u5386\u53f2\u51c0\u503c\u5e8f\u5217', 'default_strategy': 'standard', 'enabled': True, 'anti_risk_strategy': 'standard', 'delay_min_ms': 300, 'delay_max_ms': 800, 'last_probe_at': None, 'last_probe_success': None, 'last_probe_latency_ms': None, 'last_probe_error': None, 'last_call_at': None, 'last_call_success': None, 'last_call_error': None, 'total_calls': 0, 'total_failures': 0}, {'key': 'fund_etf_fund_daily_em', 'name': 'ETF\u6bcf\u65e5\u4efd\u989d\uff08\u4e1c\u8d22\uff09', 'category': 'ETF\u4e13\u9879', 'module': 'etf_basic_data', 'description': 'ETF\u6bcf\u65e5\u4efd\u989d/\u89c4\u6a21/\u6298\u4ef7\u7387', 'default_strategy': 'standard', 'enabled': True, 'anti_risk_strategy': 'standard', 'delay_min_ms': 300, 'delay_max_ms': 800, 'last_probe_at': None, 'last_probe_success': None, 'last_probe_latency_ms': None, 'last_probe_error': None, 'last_call_at': None, 'last_call_success': None, 'last_call_error': None, 'total_calls': 0, 'total_failures': 0}, {'key': 'fund_etf_category_sina', 'name': 'ETF\u5206\u7c7b\uff08\u65b0\u6d6a\uff09', 'category': 'ETF\u4e13\u9879', 'module': 'discovery_tasks', 'description': 'ETF\u6807\u7684\u53d1\u73b0\u6570\u636e\u6e90', 'default_strategy': 'standard', 'enabled': True, 'anti_risk_strategy': 'standard', 'delay_min_ms': 300, 'delay_max_ms': 800, 'last_probe_at': None, 'last_probe_success': None, 'last_probe_latency_ms': None, 'last_probe_error': None, 'last_call_at': None, 'last_call_success': None, 'last_call_error': None, 'total_calls': 0, 'total_failures': 0}, {'key': 'stock_individual_fund_flow', 'name': '\u4e2a\u80a1\u8d44\u91d1\u6d41', 'category': '\u8d44\u91d1\u6d41', 'module': 'capital_flow_data', 'description': '\u4e2a\u80a1\u4e3b\u529b/\u8d85\u5927\u5355/\u5927\u5355\u51c0\u6d41\u5165\uff0cP2 \u8d44\u91d1\u6d41\u6570\u636e\u6e90', 'default_strategy': 'conservative', 'enabled': True, 'anti_risk_strategy': 'conservative', 'delay_min_ms': 300, 'delay_max_ms': 800, 'last_probe_at': None, 'last_probe_success': None, 'last_probe_latency_ms': None, 'last_probe_error': None, 'last_call_at': None, 'last_call_success': None, 'last_call_error': None, 'total_calls': 0, 'total_failures': 0}, {'key': 'stock_hsgt_north_net_flow_in', 'name': '\u5317\u5411\u8d44\u91d1', 'category': '\u8d44\u91d1\u6d41', 'module': 'capital_flow_data', 'description': '\u5317\u5411\u8d44\u91d1\u6bcf\u65e5\u51c0\u6d41\u5165\uff08\u5e02\u573a\u5c42\u9762\uff09', 'default_strategy': 'standard', 'enabled': True, 'anti_risk_strategy': 'standard', 'delay_min_ms': 300, 'delay_max_ms': 800, 'last_probe_at': None, 'last_probe_success': None, 'last_probe_latency_ms': None, 'last_probe_error': None, 'last_call_at': None, 'last_call_success': None, 'last_call_error': None, 'total_calls': 0, 'total_failures': 0}, {'key': 'stock_individual_info_em', 'name': '\u4e2a\u80a1\u57fa\u672c\u4fe1\u606f\uff08\u4e1c\u8d22\uff09', 'category': '\u4e2a\u80a1\u4fe1\u606f', 'module': 'fundamental_data', 'description': '\u4e2a\u80a1\u884c\u4e1a\u7b49\u57fa\u672c\u4fe1\u606f\uff0cP2 \u4f30\u503c\u8f85\u52a9', 'default_strategy': 'standard', 'enabled': True, 'anti_risk_strategy': 'standard', 'delay_min_ms': 300, 'delay_max_ms': 800, 'last_probe_at': None, 'last_probe_success': None, 'last_probe_latency_ms': None, 'last_probe_error': None, 'last_call_at': None, 'last_call_success': None, 'last_call_error': None, 'total_calls': 0, 'total_failures': 0}, {'key': 'stock_news_em', 'name': '\u80a1\u7968\u65b0\u95fb', 'category': '\u65b0\u95fb\u516c\u544a', 'module': 'news', 'description': '\u4e2a\u80a1\u76f8\u5173\u65b0\u95fb\u6293\u53d6', 'default_strategy': 'conservative', 'enabled': True, 'anti_risk_strategy': 'conservative', 'delay_min_ms': 300, 'delay_max_ms': 800, 'last_probe_at': None, 'last_probe_success': None, 'last_probe_latency_ms': None, 'last_probe_error': None, 'last_call_at': None, 'last_call_success': None, 'last_call_error': None, 'total_calls': 0, 'total_failures': 0}, {'key': 'stock_zh_a_disclosure_report_cninfo', 'name': '\u5de8\u6f6e\u516c\u544a', 'category': '\u65b0\u95fb\u516c\u544a', 'module': 'news', 'description': '\u5de8\u6f6e\u8d44\u8baf\u7f51\u516c\u544a', 'default_strategy': 'standard', 'enabled': True, 'anti_risk_strategy': 'standard', 'delay_min_ms': 300, 'delay_max_ms': 800, 'last_probe_at': None, 'last_probe_success': None, 'last_probe_latency_ms': None, 'last_probe_error': None, 'last_call_at': None, 'last_call_success': None, 'last_call_error': None, 'total_calls': 0, 'total_failures': 0}, {'key': 'stock_info_a_code_name', 'name': 'A\u80a1\u4ee3\u7801\u540d\u79f0\u8868', 'category': '\u6807\u7684\u5143\u6570\u636e', 'module': 'symbol_names', 'description': 'A\u80a1\u4ee3\u7801\u4e0e\u540d\u79f0\u6620\u5c04\u8868', 'default_strategy': 'standard', 'enabled': True, 'anti_risk_strategy': 'standard', 'delay_min_ms': 300, 'delay_max_ms': 800, 'last_probe_at': None, 'last_probe_success': None, 'last_probe_latency_ms': None, 'last_probe_error': None, 'last_call_at': '2026-07-05T04:06:26', 'last_call_success': True, 'last_call_error': None, 'total_calls': 5, 'total_failures': 0}, {'key': 'fund_name_em', 'name': '\u57fa\u91d1\u540d\u79f0\u8868', 'category': '\u6807\u7684\u5143\u6570\u636e', 'module': 'symbol_names', 'description': '\u57fa\u91d1\u4ee3\u7801\u4e0e\u540d\u79f0\u6620\u5c04\u8868', 'default_strategy': 'standard', 'enabled': True, 'anti_risk_strategy': 'standard', 'delay_min_ms': 300, 'delay_max_ms': 800, 'last_probe_at': None, 'last_probe_success': None, 'last_probe_latency_ms': None, 'last_probe_error': None, 'last_call_at': None, 'last_call_success': None, 'last_call_error': None, 'total_calls': 0, 'total_failures': 0}])
_______________________ test_list_apis_locale_fallback ________________________
tests\test_blackbox_api_mgmt.py:86: in test_list_apis_locale_fallback
    assert len(data) == 17
E   AssertionError: assert 18 == 17
E    +  where 18 = len([{'key': 'stock_zh_a_hist', 'name': 'A-share Daily K-line (EastMoney)', 'category': 'History', 'module': 'market_data', 'description': 'A-share daily K-line primary source', 'default_strategy': 'standard', 'enabled': True, 'anti_risk_strategy': 'standard', 'delay_min_ms': 300, 'delay_max_ms': 800, 'last_probe_at': None, 'last_probe_success': None, 'last_probe_latency_ms': None, 'last_probe_error': None, 'last_call_at': None, 'last_call_success': None, 'last_call_error': None, 'total_calls': 0, 'total_failures': 0}, {'key': 'stock_zh_a_daily', 'name': 'A-share Daily K-line (Sina)', 'category': 'History', 'module': 'market_data', 'description': 'A-share daily K-line fallback source', 'default_strategy': 'standard', 'enabled': True, 'anti_risk_strategy': 'standard', 'delay_min_ms': 300, 'delay_max_ms': 800, 'last_probe_at': None, 'last_probe_success': None, 'last_probe_latency_ms': None, 'last_probe_error': None, 'last_call_at': None, 'last_call_success': None, 'last_call_error': None, 'total_calls': 0, 'total_failures': 0}, {'key': 'stock_zh_a_hist_tx', 'name': 'A-share Daily K-line (Tencent)', 'category': 'History', 'module': 'market_data', 'description': 'A-share daily K-line fallback source', 'default_strategy': 'standard', 'enabled': True, 'anti_risk_strategy': 'standard', 'delay_min_ms': 300, 'delay_max_ms': 800, 'last_probe_at': None, 'last_probe_success': None, 'last_probe_latency_ms': None, 'last_probe_error': None, 'last_call_at': None, 'last_call_success': None, 'last_call_error': None, 'total_calls': 0, 'total_failures': 0}, {'key': 'fund_etf_hist_em', 'name': 'ETF Daily K-line (EastMoney)', 'category': 'History', 'module': 'market_data', 'description': 'ETF daily K-line primary source', 'default_strategy': 'standard', 'enabled': True, 'anti_risk_strategy': 'standard', 'delay_min_ms': 300, 'delay_max_ms': 800, 'last_probe_at': None, 'last_probe_success': None, 'last_probe_latency_ms': None, 'last_probe_error': None, 'last_call_at': None, 'last_call_success': None, 'last_call_error': None, 'total_calls': 0, 'total_failures': 0}, {'key': 'fund_etf_hist_sina', 'name': 'ETF Daily K-line (Sina)', 'category': 'History', 'module': 'market_data', 'description': 'ETF daily K-line fallback source', 'default_strategy': 'standard', 'enabled': True, 'anti_risk_strategy': 'standard', 'delay_min_ms': 300, 'delay_max_ms': 800, 'last_probe_at': None, 'last_probe_success': None, 'last_probe_latency_ms': None, 'last_probe_error': None, 'last_call_at': None, 'last_call_success': None, 'last_call_error': None, 'total_calls': 0, 'total_failures': 0}, {'key': 'stock_us_daily', 'name': 'US Stock Daily K-line', 'category': 'History', 'module': 'market_data', 'description': 'US stock daily K-line', 'default_strategy': 'standard', 'enabled': True, 'anti_risk_strategy': 'standard', 'delay_min_ms': 300, 'delay_max_ms': 800, 'last_probe_at': None, 'last_probe_success': None, 'last_probe_latency_ms': None, 'last_probe_error': None, 'last_call_at': None, 'last_call_success': None, 'last_call_error': None, 'total_calls': 0, 'total_failures': 0}, {'key': 'stock_zh_a_spot_em', 'name': 'A-share Realtime (EastMoney)', 'category': 'Realtime', 'module': 'fundamental_data', 'description': 'All A-share PE/PB/market cap snapshot, P2 valuation source', 'default_strategy': 'conservative', 'enabled': True, 'anti_risk_strategy': 'conservative', 'delay_min_ms': 300, 'delay_max_ms': 800, 'last_probe_at': None, 'last_probe_success': None, 'last_probe_latency_ms': None, 'last_probe_error': None, 'last_call_at': None, 'last_call_success': None, 'last_call_error': None, 'total_calls': 0, 'total_failures': 0}, {'key': 'fund_etf_spot_em', 'name': 'ETF Realtime (EastMoney)', 'category': 'Realtime', 'module': 'etf_basic_data', 'description': 'ETF realtime NAV/discount, P2 ETF indicator source', 'default_strategy': 'conservative', 'enabled': True, 'anti_risk_strategy': 'conservative', 'delay_min_ms': 300, 'delay_max_ms': 800, 'last_probe_at': None, 'last_probe_success': None, 'last_probe_latency_ms': None, 'last_probe_error': None, 'last_call_at': None, 'last_call_success': None, 'last_call_error': None, 'total_calls': 0, 'total_failures': 0}, {'key': 'fund_etf_fund_info_em', 'name': 'ETF Historical NAV (EastMoney)', 'category': 'ETF Specific', 'module': 'etf_basic_data', 'description': 'ETF historical NAV series', 'default_strategy': 'standard', 'enabled': True, 'anti_risk_strategy': 'standard', 'delay_min_ms': 300, 'delay_max_ms': 800, 'last_probe_at': None, 'last_probe_success': None, 'last_probe_latency_ms': None, 'last_probe_error': None, 'last_call_at': None, 'last_call_success': None, 'last_call_error': None, 'total_calls': 0, 'total_failures': 0}, {'key': 'fund_etf_fund_daily_em', 'name': 'ETF Daily Shares (EastMoney)', 'category': 'ETF Specific', 'module': 'etf_basic_data', 'description': 'ETF daily shares/size/discount', 'default_strategy': 'standard', 'enabled': True, 'anti_risk_strategy': 'standard', 'delay_min_ms': 300, 'delay_max_ms': 800, 'last_probe_at': None, 'last_probe_success': None, 'last_probe_latency_ms': None, 'last_probe_error': None, 'last_call_at': None, 'last_call_success': None, 'last_call_error': None, 'total_calls': 0, 'total_failures': 0}, {'key': 'fund_etf_category_sina', 'name': 'ETF Category (Sina)', 'category': 'ETF Specific', 'module': 'discovery_tasks', 'description': 'ETF symbol discovery source', 'default_strategy': 'standard', 'enabled': True, 'anti_risk_strategy': 'standard', 'delay_min_ms': 300, 'delay_max_ms': 800, 'last_probe_at': None, 'last_probe_success': None, 'last_probe_latency_ms': None, 'last_probe_error': None, 'last_call_at': None, 'last_call_success': None, 'last_call_error': None, 'total_calls': 0, 'total_failures': 0}, {'key': 'stock_individual_fund_flow', 'name': 'Individual Fund Flow', 'category': 'Capital Flow', 'module': 'capital_flow_data', 'description': 'Individual main/super-large/large net inflow, P2 capital flow source', 'default_strategy': 'conservative', 'enabled': True, 'anti_risk_strategy': 'conservative', 'delay_min_ms': 300, 'delay_max_ms': 800, 'last_probe_at': None, 'last_probe_success': None, 'last_probe_latency_ms': None, 'last_probe_error': None, 'last_call_at': None, 'last_call_success': None, 'last_call_error': None, 'total_calls': 0, 'total_failures': 0}, {'key': 'stock_hsgt_north_net_flow_in', 'name': 'Northbound Capital Flow', 'category': 'Capital Flow', 'module': 'capital_flow_data', 'description': 'Northbound daily net inflow (market level)', 'default_strategy': 'standard', 'enabled': True, 'anti_risk_strategy': 'standard', 'delay_min_ms': 300, 'delay_max_ms': 800, 'last_probe_at': None, 'last_probe_success': None, 'last_probe_latency_ms': None, 'last_probe_error': None, 'last_call_at': None, 'last_call_success': None, 'last_call_error': None, 'total_calls': 0, 'total_failures': 0}, {'key': 'stock_individual_info_em', 'name': 'Individual Info (EastMoney)', 'category': 'Stock Info', 'module': 'fundamental_data', 'description': 'Individual stock industry info, P2 valuation auxiliary', 'default_strategy': 'standard', 'enabled': True, 'anti_risk_strategy': 'standard', 'delay_min_ms': 300, 'delay_max_ms': 800, 'last_probe_at': None, 'last_probe_success': None, 'last_probe_latency_ms': None, 'last_probe_error': None, 'last_call_at': None, 'last_call_success': None, 'last_call_error': None, 'total_calls': 0, 'total_failures': 0}, {'key': 'stock_news_em', 'name': 'Stock News', 'category': 'News', 'module': 'news', 'description': 'Individual stock news fetch', 'default_strategy': 'conservative', 'enabled': True, 'anti_risk_strategy': 'conservative', 'delay_min_ms': 300, 'delay_max_ms': 800, 'last_probe_at': None, 'last_probe_success': None, 'last_probe_latency_ms': None, 'last_probe_error': None, 'last_call_at': None, 'last_call_success': None, 'last_call_error': None, 'total_calls': 0, 'total_failures': 0}, {'key': 'stock_zh_a_disclosure_report_cninfo', 'name': 'CNInfo Disclosure', 'category': 'News', 'module': 'news', 'description': 'CNInfo disclosure reports', 'default_strategy': 'standard', 'enabled': True, 'anti_risk_strategy': 'standard', 'delay_min_ms': 300, 'delay_max_ms': 800, 'last_probe_at': None, 'last_probe_success': None, 'last_probe_latency_ms': None, 'last_probe_error': None, 'last_call_at': None, 'last_call_success': None, 'last_call_error': None, 'total_calls': 0, 'total_failures': 0}, {'key': 'stock_info_a_code_name', 'name': 'A-share Code-Name Table', 'category': 'Metadata', 'module': 'symbol_names', 'description': 'A-share code-to-name mapping', 'default_strategy': 'standard', 'enabled': True, 'anti_risk_strategy': 'standard', 'delay_min_ms': 300, 'delay_max_ms': 800, 'last_probe_at': None, 'last_probe_success': None, 'last_probe_latency_ms': None, 'last_probe_error': None, 'last_call_at': '2026-07-05T04:06:26', 'last_call_success': True, 'last_call_error': None, 'total_calls': 5, 'total_failures': 0}, {'key': 'fund_name_em', 'name': 'Fund Name Table', 'category': 'Metadata', 'module': 'symbol_names', 'description': 'Fund code-to-name mapping', 'default_strategy': 'standard', 'enabled': True, 'anti_risk_strategy': 'standard', 'delay_min_ms': 300, 'delay_max_ms': 800, 'last_probe_at': None, 'last_probe_success': None, 'last_probe_latency_ms': None, 'last_probe_error': None, 'last_call_at': None, 'last_call_success': None, 'last_call_error': None, 'total_calls': 0, 'total_failures': 0}])
_____________________ test_probe_known_key_returns_result _____________________
C:\Users\demo\AppData\Roaming\Python\Python312\site-packages\httpx\_transports\default.py:101: in map_httpcore_exceptions
    yield
C:\Users\demo\AppData\Roaming\Python\Python312\site-packages\httpx\_transports\default.py:250: in handle_request
    resp = self._pool.handle_request(req)
           ^^^^^^^^^^^^^^^^^^^^^^^^^^^^^^
C:\Users\demo\AppData\Roaming\Python\Python312\site-packages\httpcore\_sync\connection_pool.py:256: in handle_request
    raise exc from None
C:\Users\demo\AppData\Roaming\Python\Python312\site-packages\httpcore\_sync\connection_pool.py:236: in handle_request
    response = connection.handle_request(
C:\Users\demo\AppData\Roaming\Python\Python312\site-packages\httpcore\_sync\connection.py:103: in handle_request
    return self._connection.handle_request(request)
           ^^^^^^^^^^^^^^^^^^^^^^^^^^^^^^^^^^^^^^^^
C:\Users\demo\AppData\Roaming\Python\Python312\site-packages\httpcore\_sync\http11.py:136: in handle_request
    raise exc
C:\Users\demo\AppData\Roaming\Python\Python312\site-packages\httpcore\_sync\http11.py:106: in handle_request
    ) = self._receive_response_headers(**kwargs)
        ^^^^^^^^^^^^^^^^^^^^^^^^^^^^^^^^^^^^^^^^
C:\Users\demo\AppData\Roaming\Python\Python312\site-packages\httpcore\_sync\http11.py:177: in _receive_response_headers
    event = self._receive_event(timeout=timeout)
            ^^^^^^^^^^^^^^^^^^^^^^^^^^^^^^^^^^^^
C:\Users\demo\AppData\Roaming\Python\Python312\site-packages\httpcore\_sync\http11.py:217: in _receive_event
    data = self._network_stream.read(
C:\Users\demo\AppData\Roaming\Python\Python312\site-packages\httpcore\_backends\sync.py:126: in read
    with map_exceptions(exc_map):
C:\Python312\Lib\contextlib.py:158: in __exit__
    self.gen.throw(value)
C:\Users\demo\AppData\Roaming\Python\Python312\site-packages\httpcore\_exceptions.py:14: in map_exceptions
    raise to_exc(exc) from exc
E   httpcore.ReadTimeout: timed out

The above exception was the direct cause of the following exception:
tests\test_blackbox_api_mgmt.py:124: in test_probe_known_key_returns_result
    r = client.post(f"/api/v1/external-data/apis/{KNOWN_API_KEY}/probe")
        ^^^^^^^^^^^^^^^^^^^^^^^^^^^^^^^^^^^^^^^^^^^^^^^^^^^^^^^^^^^^^^^^
C:\Users\demo\AppData\Roaming\Python\Python312\site-packages\httpx\_client.py:1144: in post
    return self.request(
C:\Users\demo\AppData\Roaming\Python\Python312\site-packages\httpx\_client.py:825: in request
    return self.send(request, auth=auth, follow_redirects=follow_redirects)
           ^^^^^^^^^^^^^^^^^^^^^^^^^^^^^^^^^^^^^^^^^^^^^^^^^^^^^^^^^^^^^^^^
C:\Users\demo\AppData\Roaming\Python\Python312\site-packages\httpx\_client.py:914: in send
    response = self._send_handling_auth(
C:\Users\demo\AppData\Roaming\Python\Python312\site-packages\httpx\_client.py:942: in _send_handling_auth
    response = self._send_handling_redirects(
C:\Users\demo\AppData\Roaming\Python\Python312\site-packages\httpx\_client.py:979: in _send_handling_redirects
    response = self._send_single_request(request)
               ^^^^^^^^^^^^^^^^^^^^^^^^^^^^^^^^^^
C:\Users\demo\AppData\Roaming\Python\Python312\site-packages\httpx\_client.py:1014: in _send_single_request
    response = transport.handle_request(request)
               ^^^^^^^^^^^^^^^^^^^^^^^^^^^^^^^^^
C:\Users\demo\AppData\Roaming\Python\Python312\site-packages\httpx\_transports\default.py:249: in handle_request
    with map_httpcore_exceptions():
C:\Python312\Lib\contextlib.py:158: in __exit__
    self.gen.throw(value)
C:\Users\demo\AppData\Roaming\Python\Python312\site-packages\httpx\_transports\default.py:118: in map_httpcore_exceptions
    raise mapped_exc(message) from exc
E   httpx.ReadTimeout: timed out
________________________ test_probe_returns_within_30s ________________________
C:\Users\demo\AppData\Roaming\Python\Python312\site-packages\httpx\_transports\default.py:101: in map_httpcore_exceptions
    yield
C:\Users\demo\AppData\Roaming\Python\Python312\site-packages\httpx\_transports\default.py:250: in handle_request
    resp = self._pool.handle_request(req)
           ^^^^^^^^^^^^^^^^^^^^^^^^^^^^^^
C:\Users\demo\AppData\Roaming\Python\Python312\site-packages\httpcore\_sync\connection_pool.py:256: in handle_request
    raise exc from None
C:\Users\demo\AppData\Roaming\Python\Python312\site-packages\httpcore\_sync\connection_pool.py:236: in handle_request
    response = connection.handle_request(
C:\Users\demo\AppData\Roaming\Python\Python312\site-packages\httpcore\_sync\connection.py:103: in handle_request
    return self._connection.handle_request(request)
           ^^^^^^^^^^^^^^^^^^^^^^^^^^^^^^^^^^^^^^^^
C:\Users\demo\AppData\Roaming\Python\Python312\site-packages\httpcore\_sync\http11.py:136: in handle_request
    raise exc
C:\Users\demo\AppData\Roaming\Python\Python312\site-packages\httpcore\_sync\http11.py:106: in handle_request
    ) = self._receive_response_headers(**kwargs)
        ^^^^^^^^^^^^^^^^^^^^^^^^^^^^^^^^^^^^^^^^
C:\Users\demo\AppData\Roaming\Python\Python312\site-packages\httpcore\_sync\http11.py:177: in _receive_response_headers
    event = self._receive_event(timeout=timeout)
            ^^^^^^^^^^^^^^^^^^^^^^^^^^^^^^^^^^^^
C:\Users\demo\AppData\Roaming\Python\Python312\site-packages\httpcore\_sync\http11.py:217: in _receive_event
    data = self._network_stream.read(
C:\Users\demo\AppData\Roaming\Python\Python312\site-packages\httpcore\_backends\sync.py:126: in read
    with map_exceptions(exc_map):
C:\Python312\Lib\contextlib.py:158: in __exit__
    self.gen.throw(value)
C:\Users\demo\AppData\Roaming\Python\Python312\site-packages\httpcore\_exceptions.py:14: in map_exceptions
    raise to_exc(exc) from exc
E   httpcore.ReadTimeout: timed out

The above exception was the direct cause of the following exception:
tests\test_blackbox_api_mgmt.py:141: in test_probe_returns_within_30s
    r = client.post(f"/api/v1/external-data/apis/{KNOWN_API_KEY}/probe")
        ^^^^^^^^^^^^^^^^^^^^^^^^^^^^^^^^^^^^^^^^^^^^^^^^^^^^^^^^^^^^^^^^
C:\Users\demo\AppData\Roaming\Python\Python312\site-packages\httpx\_client.py:1144: in post
    return self.request(
C:\Users\demo\AppData\Roaming\Python\Python312\site-packages\httpx\_client.py:825: in request
    return self.send(request, auth=auth, follow_redirects=follow_redirects)
           ^^^^^^^^^^^^^^^^^^^^^^^^^^^^^^^^^^^^^^^^^^^^^^^^^^^^^^^^^^^^^^^^
C:\Users\demo\AppData\Roaming\Python\Python312\site-packages\httpx\_client.py:914: in send
    response = self._send_handling_auth(
C:\Users\demo\AppData\Roaming\Python\Python312\site-packages\httpx\_client.py:942: in _send_handling_auth
    response = self._send_handling_redirects(
C:\Users\demo\AppData\Roaming\Python\Python312\site-packages\httpx\_client.py:979: in _send_handling_redirects
    response = self._send_single_request(request)
               ^^^^^^^^^^^^^^^^^^^^^^^^^^^^^^^^^^
C:\Users\demo\AppData\Roaming\Python\Python312\site-packages\httpx\_client.py:1014: in _send_single_request
    response = transport.handle_request(request)
               ^^^^^^^^^^^^^^^^^^^^^^^^^^^^^^^^^
C:\Users\demo\AppData\Roaming\Python\Python312\site-packages\httpx\_transports\default.py:249: in handle_request
    with map_httpcore_exceptions():
C:\Python312\Lib\contextlib.py:158: in __exit__
    self.gen.throw(value)
C:\Users\demo\AppData\Roaming\Python\Python312\site-packages\httpx\_transports\default.py:118: in map_httpcore_exceptions
    raise mapped_exc(message) from exc
E   httpx.ReadTimeout: timed out
_________________ test_update_config_unknown_key_returns_404 __________________
tests\test_blackbox_api_mgmt.py:160: in test_update_config_unknown_key_returns_404
    assert r.status_code == 404
E   assert 422 == 404
E    +  where 422 = <Response [422 Unprocessable Entity]>.status_code
_______________ test_probe_returns_within_30s_with_real_backend _______________
C:\Users\demo\AppData\Roaming\Python\Python312\site-packages\httpx\_transports\default.py:101: in map_httpcore_exceptions
    yield
C:\Users\demo\AppData\Roaming\Python\Python312\site-packages\httpx\_transports\default.py:250: in handle_request
    resp = self._pool.handle_request(req)
           ^^^^^^^^^^^^^^^^^^^^^^^^^^^^^^
C:\Users\demo\AppData\Roaming\Python\Python312\site-packages\httpcore\_sync\connection_pool.py:256: in handle_request
    raise exc from None
C:\Users\demo\AppData\Roaming\Python\Python312\site-packages\httpcore\_sync\connection_pool.py:236: in handle_request
    response = connection.handle_request(
C:\Users\demo\AppData\Roaming\Python\Python312\site-packages\httpcore\_sync\connection.py:103: in handle_request
    return self._connection.handle_request(request)
           ^^^^^^^^^^^^^^^^^^^^^^^^^^^^^^^^^^^^^^^^
C:\Users\demo\AppData\Roaming\Python\Python312\site-packages\httpcore\_sync\http11.py:136: in handle_request
    raise exc
C:\Users\demo\AppData\Roaming\Python\Python312\site-packages\httpcore\_sync\http11.py:106: in handle_request
    ) = self._receive_response_headers(**kwargs)
        ^^^^^^^^^^^^^^^^^^^^^^^^^^^^^^^^^^^^^^^^
C:\Users\demo\AppData\Roaming\Python\Python312\site-packages\httpcore\_sync\http11.py:177: in _receive_response_headers
    event = self._receive_event(timeout=timeout)
            ^^^^^^^^^^^^^^^^^^^^^^^^^^^^^^^^^^^^
C:\Users\demo\AppData\Roaming\Python\Python312\site-packages\httpcore\_sync\http11.py:217: in _receive_event
    data = self._network_stream.read(
C:\Users\demo\AppData\Roaming\Python\Python312\site-packages\httpcore\_backends\sync.py:126: in read
    with map_exceptions(exc_map):
C:\Python312\Lib\contextlib.py:158: in __exit__
    self.gen.throw(value)
C:\Users\demo\AppData\Roaming\Python\Python312\site-packages\httpcore\_exceptions.py:14: in map_exceptions
    raise to_exc(exc) from exc
E   httpcore.ReadTimeout: timed out

The above exception was the direct cause of the following exception:
tests\test_blackbox_api_mgmt.py:289: in test_probe_returns_within_30s_with_real_backend
    r = client.post(f"/api/v1/external-data/apis/{api_key}/probe")
        ^^^^^^^^^^^^^^^^^^^^^^^^^^^^^^^^^^^^^^^^^^^^^^^^^^^^^^^^^^
C:\Users\demo\AppData\Roaming\Python\Python312\site-packages\httpx\_client.py:1144: in post
    return self.request(
C:\Users\demo\AppData\Roaming\Python\Python312\site-packages\httpx\_client.py:825: in request
    return self.send(request, auth=auth, follow_redirects=follow_redirects)
           ^^^^^^^^^^^^^^^^^^^^^^^^^^^^^^^^^^^^^^^^^^^^^^^^^^^^^^^^^^^^^^^^
C:\Users\demo\AppData\Roaming\Python\Python312\site-packages\httpx\_client.py:914: in send
    response = self._send_handling_auth(
C:\Users\demo\AppData\Roaming\Python\Python312\site-packages\httpx\_client.py:942: in _send_handling_auth
    response = self._send_handling_redirects(
C:\Users\demo\AppData\Roaming\Python\Python312\site-packages\httpx\_client.py:979: in _send_handling_redirects
    response = self._send_single_request(request)
               ^^^^^^^^^^^^^^^^^^^^^^^^^^^^^^^^^^
C:\Users\demo\AppData\Roaming\Python\Python312\site-packages\httpx\_client.py:1014: in _send_single_request
    response = transport.handle_request(request)
               ^^^^^^^^^^^^^^^^^^^^^^^^^^^^^^^^^
C:\Users\demo\AppData\Roaming\Python\Python312\site-packages\httpx\_transports\default.py:249: in handle_request
    with map_httpcore_exceptions():
C:\Python312\Lib\contextlib.py:158: in __exit__
    self.gen.throw(value)
C:\Users\demo\AppData\Roaming\Python\Python312\site-packages\httpx\_transports\default.py:118: in map_httpcore_exceptions
    raise mapped_exc(message) from exc
E   httpx.ReadTimeout: timed out
_________________ test_probe_all_17_apis_complete_within_180s _________________
tests\test_blackbox_api_mgmt.py:334: in test_probe_all_17_apis_complete_within_180s
    assert elapsed < 180.0, (
E   AssertionError: 17 接口探测应在 180s 内完成（线程池未耗尽）, 实际耗时 595.3s, success=0, timeout=17
E   assert 595.2713611125946 < 180.0
____________ test_consecutive_probes_do_not_degrade_response_time _____________
tests\test_blackbox_api_mgmt.py:365: in test_consecutive_probes_do_not_degrade_response_time
    assert all(l < 30.0 for l in latencies), (
E   AssertionError: 所有探测应 < 30s, 实际 [30.0, 30.0, 30.0, 30.0, 30.0]
E   assert False
E    +  where False = all(<generator object test_consecutive_probes_do_not_degrade_response_time.<locals>.<genexpr> at 0x000001C908547B90>)
=========================== short test summary info ===========================
FAILED tests/test_blackbox_api_mgmt.py::test_list_apis_zh_returns_all_17 - AssertionError: 应有 17 个接口, 实际 18
assert 18 == 17
 +  where 18 = len([{'key': 'stock_zh_a_hist', 'name': 'A\u80a1\u65e5K\uff08\u4e1c\u8d22\uff09', 'category': '\u884c\u60c5\u5386\u53f2', 'module': 'market_data', 'description': 'A\u80a1\u65e5K\u7ebf\u4e3b\u6570\u636e\u6e90', 'default_strategy': 'standard', 'enabled': True, 'anti_risk_strategy': 'standard', 'delay_min_ms': 300, 'delay_max_ms': 800, 'last_probe_at': None, 'last_probe_success': None, 'last_probe_latency_ms': None, 'last_probe_error': None, 'last_call_at': None, 'last_call_success': None, 'last_call_error': None, 'total_calls': 0, 'total_failures': 0}, {'key': 'stock_zh_a_daily', 'name': 'A\u80a1\u65e5K\uff08\u65b0\u6d6a\uff09', 'category': '\u884c\u60c5\u5386\u53f2', 'module': 'market_data', 'description': 'A\u80a1\u65e5K\u7ebf\u5907\u7528\u6570\u636e\u6e90', 'default_strategy': 'standard', 'enabled': True, 'anti_risk_strategy': 'standard', 'delay_min_ms': 300, 'delay_max_ms': 800, 'last_probe_at': None, 'last_probe_success': None, 'last_probe_latency_ms': None, 'last_probe_error': None, 'last_call_at': None, 'last_call_success': None, 'last_call_error': None, 'total_calls': 0, 'total_failures': 0}, {'key': 'stock_zh_a_hist_tx', 'name': 'A\u80a1\u65e5K\uff08\u817e\u8baf\uff09', 'category': '\u884c\u60c5\u5386\u53f2', 'module': 'market_data', 'description': 'A\u80a1\u65e5K\u7ebf\u5907\u7528\u6570\u636e\u6e90', 'default_strategy': 'standard', 'enabled': True, 'anti_risk_strategy': 'standard', 'delay_min_ms': 300, 'delay_max_ms': 800, 'last_probe_at': None, 'last_probe_success': None, 'last_probe_latency_ms': None, 'last_probe_error': None, 'last_call_at': None, 'last_call_success': None, 'last_call_error': None, 'total_calls': 0, 'total_failures': 0}, {'key': 'fund_etf_hist_em', 'name': 'ETF\u65e5K\uff08\u4e1c\u8d22\uff09', 'category': '\u884c\u60c5\u5386\u53f2', 'module': 'market_data', 'description': 'ETF\u65e5K\u7ebf\u4e3b\u6570\u636e\u6e90', 'default_strategy': 'standard', 'enabled': True, 'anti_risk_strategy': 'standard', 'delay_min_ms': 300, 'delay_max_ms': 800, 'last_probe_at': None, 'last_probe_success': None, 'last_probe_latency_ms': None, 'last_probe_error': None, 'last_call_at': None, 'last_call_success': None, 'last_call_error': None, 'total_calls': 0, 'total_failures': 0}, {'key': 'fund_etf_hist_sina', 'name': 'ETF\u65e5K\uff08\u65b0\u6d6a\uff09', 'category': '\u884c\u60c5\u5386\u53f2', 'module': 'market_data', 'description': 'ETF\u65e5K\u7ebf\u5907\u7528\u6570\u636e\u6e90', 'default_strategy': 'standard', 'enabled': True, 'anti_risk_strategy': 'standard', 'delay_min_ms': 300, 'delay_max_ms': 800, 'last_probe_at': None, 'last_probe_success': None, 'last_probe_latency_ms': None, 'last_probe_error': None, 'last_call_at': None, 'last_call_success': None, 'last_call_error': None, 'total_calls': 0, 'total_failures': 0}, {'key': 'stock_us_daily', 'name': '\u7f8e\u80a1\u65e5K', 'category': '\u884c\u60c5\u5386\u53f2', 'module': 'market_data', 'description': '\u7f8e\u80a1\u65e5K\u7ebf', 'default_strategy': 'standard', 'enabled': True, 'anti_risk_strategy': 'standard', 'delay_min_ms': 300, 'delay_max_ms': 800, 'last_probe_at': None, 'last_probe_success': None, 'last_probe_latency_ms': None, 'last_probe_error': None, 'last_call_at': None, 'last_call_success': None, 'last_call_error': None, 'total_calls': 0, 'total_failures': 0}, {'key': 'stock_zh_a_spot_em', 'name': 'A\u80a1\u5b9e\u65f6\u884c\u60c5\uff08\u4e1c\u8d22\uff09', 'category': '\u5b9e\u65f6\u884c\u60c5', 'module': 'fundamental_data', 'description': '\u5168A\u80a1PE/PB/\u5e02\u503c\u5feb\u7167\uff0cP2 \u4f30\u503c\u6570\u636e\u6e90', 'default_strategy': 'conservative', 'enabled': True, 'anti_risk_strategy': 'conservative', 'delay_min_ms': 300, 'delay_max_ms': 800, 'last_probe_at': None, 'last_probe_success': None, 'last_probe_latency_ms': None, 'last_probe_error': None, 'last_call_at': None, 'last_call_success': None, 'last_call_error': None, 'total_calls': 0, 'total_failures': 0}, {'key': 'fund_etf_spot_em', 'name': 'ETF\u5b9e\u65f6\u884c\u60c5\uff08\u4e1c\u8d22\uff09', 'category': '\u5b9e\u65f6\u884c\u60c5', 'module': 'etf_basic_data', 'description': 'ETF\u5b9e\u65f6\u51c0\u503c/\u6298\u4ef7\u7387\uff0cP2 ETF \u6307\u6807\u6570\u636e\u6e90', 'default_strategy': 'conservative', 'enabled': True, 'anti_risk_strategy': 'conservative', 'delay_min_ms': 300, 'delay_max_ms': 800, 'last_probe_at': None, 'last_probe_success': None, 'last_probe_latency_ms': None, 'last_probe_error': None, 'last_call_at': None, 'last_call_success': None, 'last_call_error': None, 'total_calls': 0, 'total_failures': 0}, {'key': 'fund_etf_fund_info_em', 'name': 'ETF\u5386\u53f2\u51c0\u503c\uff08\u4e1c\u8d22\uff09', 'category': 'ETF\u4e13\u9879', 'module': 'etf_basic_data', 'description': 'ETF\u5386\u53f2\u51c0\u503c\u5e8f\u5217', 'default_strategy': 'standard', 'enabled': True, 'anti_risk_strategy': 'standard', 'delay_min_ms': 300, 'delay_max_ms': 800, 'last_probe_at': None, 'last_probe_success': None, 'last_probe_latency_ms': None, 'last_probe_error': None, 'last_call_at': None, 'last_call_success': None, 'last_call_error': None, 'total_calls': 0, 'total_failures': 0}, {'key': 'fund_etf_fund_daily_em', 'name': 'ETF\u6bcf\u65e5\u4efd\u989d\uff08\u4e1c\u8d22\uff09', 'category': 'ETF\u4e13\u9879', 'module': 'etf_basic_data', 'description': 'ETF\u6bcf\u65e5\u4efd\u989d/\u89c4\u6a21/\u6298\u4ef7\u7387', 'default_strategy': 'standard', 'enabled': True, 'anti_risk_strategy': 'standard', 'delay_min_ms': 300, 'delay_max_ms': 800, 'last_probe_at': None, 'last_probe_success': None, 'last_probe_latency_ms': None, 'last_probe_error': None, 'last_call_at': None, 'last_call_success': None, 'last_call_error': None, 'total_calls': 0, 'total_failures': 0}, {'key': 'fund_etf_category_sina', 'name': 'ETF\u5206\u7c7b\uff08\u65b0\u6d6a\uff09', 'category': 'ETF\u4e13\u9879', 'module': 'discovery_tasks', 'description': 'ETF\u6807\u7684\u53d1\u73b0\u6570\u636e\u6e90', 'default_strategy': 'standard', 'enabled': True, 'anti_risk_strategy': 'standard', 'delay_min_ms': 300, 'delay_max_ms': 800, 'last_probe_at': None, 'last_probe_success': None, 'last_probe_latency_ms': None, 'last_probe_error': None, 'last_call_at': None, 'last_call_success': None, 'last_call_error': None, 'total_calls': 0, 'total_failures': 0}, {'key': 'stock_individual_fund_flow', 'name': '\u4e2a\u80a1\u8d44\u91d1\u6d41', 'category': '\u8d44\u91d1\u6d41', 'module': 'capital_flow_data', 'description': '\u4e2a\u80a1\u4e3b\u529b/\u8d85\u5927\u5355/\u5927\u5355\u51c0\u6d41\u5165\uff0cP2 \u8d44\u91d1\u6d41\u6570\u636e\u6e90', 'default_strategy': 'conservative', 'enabled': True, 'anti_risk_strategy': 'conservative', 'delay_min_ms': 300, 'delay_max_ms': 800, 'last_probe_at': None, 'last_probe_success': None, 'last_probe_latency_ms': None, 'last_probe_error': None, 'last_call_at': None, 'last_call_success': None, 'last_call_error': None, 'total_calls': 0, 'total_failures': 0}, {'key': 'stock_hsgt_north_net_flow_in', 'name': '\u5317\u5411\u8d44\u91d1', 'category': '\u8d44\u91d1\u6d41', 'module': 'capital_flow_data', 'description': '\u5317\u5411\u8d44\u91d1\u6bcf\u65e5\u51c0\u6d41\u5165\uff08\u5e02\u573a\u5c42\u9762\uff09', 'default_strategy': 'standard', 'enabled': True, 'anti_risk_strategy': 'standard', 'delay_min_ms': 300, 'delay_max_ms': 800, 'last_probe_at': None, 'last_probe_success': None, 'last_probe_latency_ms': None, 'last_probe_error': None, 'last_call_at': None, 'last_call_success': None, 'last_call_error': None, 'total_calls': 0, 'total_failures': 0}, {'key': 'stock_individual_info_em', 'name': '\u4e2a\u80a1\u57fa\u672c\u4fe1\u606f\uff08\u4e1c\u8d22\uff09', 'category': '\u4e2a\u80a1\u4fe1\u606f', 'module': 'fundamental_data', 'description': '\u4e2a\u80a1\u884c\u4e1a\u7b49\u57fa\u672c\u4fe1\u606f\uff0cP2 \u4f30\u503c\u8f85\u52a9', 'default_strategy': 'standard', 'enabled': True, 'anti_risk_strategy': 'standard', 'delay_min_ms': 300, 'delay_max_ms': 800, 'last_probe_at': None, 'last_probe_success': None, 'last_probe_latency_ms': None, 'last_probe_error': None, 'last_call_at': None, 'last_call_success': None, 'last_call_error': None, 'total_calls': 0, 'total_failures': 0}, {'key': 'stock_news_em', 'name': '\u80a1\u7968\u65b0\u95fb', 'category': '\u65b0\u95fb\u516c\u544a', 'module': 'news', 'description': '\u4e2a\u80a1\u76f8\u5173\u65b0\u95fb\u6293\u53d6', 'default_strategy': 'conservative', 'enabled': True, 'anti_risk_strategy': 'conservative', 'delay_min_ms': 300, 'delay_max_ms': 800, 'last_probe_at': None, 'last_probe_success': None, 'last_probe_latency_ms': None, 'last_probe_error': None, 'last_call_at': None, 'last_call_success': None, 'last_call_error': None, 'total_calls': 0, 'total_failures': 0}, {'key': 'stock_zh_a_disclosure_report_cninfo', 'name': '\u5de8\u6f6e\u516c\u544a', 'category': '\u65b0\u95fb\u516c\u544a', 'module': 'news', 'description': '\u5de8\u6f6e\u8d44\u8baf\u7f51\u516c\u544a', 'default_strategy': 'standard', 'enabled': True, 'anti_risk_strategy': 'standard', 'delay_min_ms': 300, 'delay_max_ms': 800, 'last_probe_at': None, 'last_probe_success': None, 'last_probe_latency_ms': None, 'last_probe_error': None, 'last_call_at': None, 'last_call_success': None, 'last_call_error': None, 'total_calls': 0, 'total_failures': 0}, {'key': 'stock_info_a_code_name', 'name': 'A\u80a1\u4ee3\u7801\u540d\u79f0\u8868', 'category': '\u6807\u7684\u5143\u6570\u636e', 'module': 'symbol_names', 'description': 'A\u80a1\u4ee3\u7801\u4e0e\u540d\u79f0\u6620\u5c04\u8868', 'default_strategy': 'standard', 'enabled': True, 'anti_risk_strategy': 'standard', 'delay_min_ms': 300, 'delay_max_ms': 800, 'last_probe_at': None, 'last_probe_success': None, 'last_probe_latency_ms': None, 'last_probe_error': None, 'last_call_at': '2026-07-05T04:06:26', 'last_call_success': True, 'last_call_error': None, 'total_calls': 5, 'total_failures': 0}, {'key': 'fund_name_em', 'name': '\u57fa\u91d1\u540d\u79f0\u8868', 'category': '\u6807\u7684\u5143\u6570\u636e', 'module': 'symbol_names', 'description': '\u57fa\u91d1\u4ee3\u7801\u4e0e\u540d\u79f0\u6620\u5c04\u8868', 'default_strategy': 'standard', 'enabled': True, 'anti_risk_strategy': 'standard', 'delay_min_ms': 300, 'delay_max_ms': 800, 'last_probe_at': None, 'last_probe_success': None, 'last_probe_latency_ms': None, 'last_probe_error': None, 'last_call_at': None, 'last_call_success': None, 'last_call_error': None, 'total_calls': 0, 'total_failures': 0}])
FAILED tests/test_blackbox_api_mgmt.py::test_list_apis_locale_fallback - AssertionError: assert 18 == 17
 +  where 18 = len([{'key': 'stock_zh_a_hist', 'name': 'A-share Daily K-line (EastMoney)', 'category': 'History', 'module': 'market_data', 'description': 'A-share daily K-line primary source', 'default_strategy': 'standard', 'enabled': True, 'anti_risk_strategy': 'standard', 'delay_min_ms': 300, 'delay_max_ms': 800, 'last_probe_at': None, 'last_probe_success': None, 'last_probe_latency_ms': None, 'last_probe_error': None, 'last_call_at': None, 'last_call_success': None, 'last_call_error': None, 'total_calls': 0, 'total_failures': 0}, {'key': 'stock_zh_a_daily', 'name': 'A-share Daily K-line (Sina)', 'category': 'History', 'module': 'market_data', 'description': 'A-share daily K-line fallback source', 'default_strategy': 'standard', 'enabled': True, 'anti_risk_strategy': 'standard', 'delay_min_ms': 300, 'delay_max_ms': 800, 'last_probe_at': None, 'last_probe_success': None, 'last_probe_latency_ms': None, 'last_probe_error': None, 'last_call_at': None, 'last_call_success': None, 'last_call_error': None, 'total_calls': 0, 'total_failures': 0}, {'key': 'stock_zh_a_hist_tx', 'name': 'A-share Daily K-line (Tencent)', 'category': 'History', 'module': 'market_data', 'description': 'A-share daily K-line fallback source', 'default_strategy': 'standard', 'enabled': True, 'anti_risk_strategy': 'standard', 'delay_min_ms': 300, 'delay_max_ms': 800, 'last_probe_at': None, 'last_probe_success': None, 'last_probe_latency_ms': None, 'last_probe_error': None, 'last_call_at': None, 'last_call_success': None, 'last_call_error': None, 'total_calls': 0, 'total_failures': 0}, {'key': 'fund_etf_hist_em', 'name': 'ETF Daily K-line (EastMoney)', 'category': 'History', 'module': 'market_data', 'description': 'ETF daily K-line primary source', 'default_strategy': 'standard', 'enabled': True, 'anti_risk_strategy': 'standard', 'delay_min_ms': 300, 'delay_max_ms': 800, 'last_probe_at': None, 'last_probe_success': None, 'last_probe_latency_ms': None, 'last_probe_error': None, 'last_call_at': None, 'last_call_success': None, 'last_call_error': None, 'total_calls': 0, 'total_failures': 0}, {'key': 'fund_etf_hist_sina', 'name': 'ETF Daily K-line (Sina)', 'category': 'History', 'module': 'market_data', 'description': 'ETF daily K-line fallback source', 'default_strategy': 'standard', 'enabled': True, 'anti_risk_strategy': 'standard', 'delay_min_ms': 300, 'delay_max_ms': 800, 'last_probe_at': None, 'last_probe_success': None, 'last_probe_latency_ms': None, 'last_probe_error': None, 'last_call_at': None, 'last_call_success': None, 'last_call_error': None, 'total_calls': 0, 'total_failures': 0}, {'key': 'stock_us_daily', 'name': 'US Stock Daily K-line', 'category': 'History', 'module': 'market_data', 'description': 'US stock daily K-line', 'default_strategy': 'standard', 'enabled': True, 'anti_risk_strategy': 'standard', 'delay_min_ms': 300, 'delay_max_ms': 800, 'last_probe_at': None, 'last_probe_success': None, 'last_probe_latency_ms': None, 'last_probe_error': None, 'last_call_at': None, 'last_call_success': None, 'last_call_error': None, 'total_calls': 0, 'total_failures': 0}, {'key': 'stock_zh_a_spot_em', 'name': 'A-share Realtime (EastMoney)', 'category': 'Realtime', 'module': 'fundamental_data', 'description': 'All A-share PE/PB/market cap snapshot, P2 valuation source', 'default_strategy': 'conservative', 'enabled': True, 'anti_risk_strategy': 'conservative', 'delay_min_ms': 300, 'delay_max_ms': 800, 'last_probe_at': None, 'last_probe_success': None, 'last_probe_latency_ms': None, 'last_probe_error': None, 'last_call_at': None, 'last_call_success': None, 'last_call_error': None, 'total_calls': 0, 'total_failures': 0}, {'key': 'fund_etf_spot_em', 'name': 'ETF Realtime (EastMoney)', 'category': 'Realtime', 'module': 'etf_basic_data', 'description': 'ETF realtime NAV/discount, P2 ETF indicator source', 'default_strategy': 'conservative', 'enabled': True, 'anti_risk_strategy': 'conservative', 'delay_min_ms': 300, 'delay_max_ms': 800, 'last_probe_at': None, 'last_probe_success': None, 'last_probe_latency_ms': None, 'last_probe_error': None, 'last_call_at': None, 'last_call_success': None, 'last_call_error': None, 'total_calls': 0, 'total_failures': 0}, {'key': 'fund_etf_fund_info_em', 'name': 'ETF Historical NAV (EastMoney)', 'category': 'ETF Specific', 'module': 'etf_basic_data', 'description': 'ETF historical NAV series', 'default_strategy': 'standard', 'enabled': True, 'anti_risk_strategy': 'standard', 'delay_min_ms': 300, 'delay_max_ms': 800, 'last_probe_at': None, 'last_probe_success': None, 'last_probe_latency_ms': None, 'last_probe_error': None, 'last_call_at': None, 'last_call_success': None, 'last_call_error': None, 'total_calls': 0, 'total_failures': 0}, {'key': 'fund_etf_fund_daily_em', 'name': 'ETF Daily Shares (EastMoney)', 'category': 'ETF Specific', 'module': 'etf_basic_data', 'description': 'ETF daily shares/size/discount', 'default_strategy': 'standard', 'enabled': True, 'anti_risk_strategy': 'standard', 'delay_min_ms': 300, 'delay_max_ms': 800, 'last_probe_at': None, 'last_probe_success': None, 'last_probe_latency_ms': None, 'last_probe_error': None, 'last_call_at': None, 'last_call_success': None, 'last_call_error': None, 'total_calls': 0, 'total_failures': 0}, {'key': 'fund_etf_category_sina', 'name': 'ETF Category (Sina)', 'category': 'ETF Specific', 'module': 'discovery_tasks', 'description': 'ETF symbol discovery source', 'default_strategy': 'standard', 'enabled': True, 'anti_risk_strategy': 'standard', 'delay_min_ms': 300, 'delay_max_ms': 800, 'last_probe_at': None, 'last_probe_success': None, 'last_probe_latency_ms': None, 'last_probe_error': None, 'last_call_at': None, 'last_call_success': None, 'last_call_error': None, 'total_calls': 0, 'total_failures': 0}, {'key': 'stock_individual_fund_flow', 'name': 'Individual Fund Flow', 'category': 'Capital Flow', 'module': 'capital_flow_data', 'description': 'Individual main/super-large/large net inflow, P2 capital flow source', 'default_strategy': 'conservative', 'enabled': True, 'anti_risk_strategy': 'conservative', 'delay_min_ms': 300, 'delay_max_ms': 800, 'last_probe_at': None, 'last_probe_success': None, 'last_probe_latency_ms': None, 'last_probe_error': None, 'last_call_at': None, 'last_call_success': None, 'last_call_error': None, 'total_calls': 0, 'total_failures': 0}, {'key': 'stock_hsgt_north_net_flow_in', 'name': 'Northbound Capital Flow', 'category': 'Capital Flow', 'module': 'capital_flow_data', 'description': 'Northbound daily net inflow (market level)', 'default_strategy': 'standard', 'enabled': True, 'anti_risk_strategy': 'standard', 'delay_min_ms': 300, 'delay_max_ms': 800, 'last_probe_at': None, 'last_probe_success': None, 'last_probe_latency_ms': None, 'last_probe_error': None, 'last_call_at': None, 'last_call_success': None, 'last_call_error': None, 'total_calls': 0, 'total_failures': 0}, {'key': 'stock_individual_info_em', 'name': 'Individual Info (EastMoney)', 'category': 'Stock Info', 'module': 'fundamental_data', 'description': 'Individual stock industry info, P2 valuation auxiliary', 'default_strategy': 'standard', 'enabled': True, 'anti_risk_strategy': 'standard', 'delay_min_ms': 300, 'delay_max_ms': 800, 'last_probe_at': None, 'last_probe_success': None, 'last_probe_latency_ms': None, 'last_probe_error': None, 'last_call_at': None, 'last_call_success': None, 'last_call_error': None, 'total_calls': 0, 'total_failures': 0}, {'key': 'stock_news_em', 'name': 'Stock News', 'category': 'News', 'module': 'news', 'description': 'Individual stock news fetch', 'default_strategy': 'conservative', 'enabled': True, 'anti_risk_strategy': 'conservative', 'delay_min_ms': 300, 'delay_max_ms': 800, 'last_probe_at': None, 'last_probe_success': None, 'last_probe_latency_ms': None, 'last_probe_error': None, 'last_call_at': None, 'last_call_success': None, 'last_call_error': None, 'total_calls': 0, 'total_failures': 0}, {'key': 'stock_zh_a_disclosure_report_cninfo', 'name': 'CNInfo Disclosure', 'category': 'News', 'module': 'news', 'description': 'CNInfo disclosure reports', 'default_strategy': 'standard', 'enabled': True, 'anti_risk_strategy': 'standard', 'delay_min_ms': 300, 'delay_max_ms': 800, 'last_probe_at': None, 'last_probe_success': None, 'last_probe_latency_ms': None, 'last_probe_error': None, 'last_call_at': None, 'last_call_success': None, 'last_call_error': None, 'total_calls': 0, 'total_failures': 0}, {'key': 'stock_info_a_code_name', 'name': 'A-share Code-Name Table', 'category': 'Metadata', 'module': 'symbol_names', 'description': 'A-share code-to-name mapping', 'default_strategy': 'standard', 'enabled': True, 'anti_risk_strategy': 'standard', 'delay_min_ms': 300, 'delay_max_ms': 800, 'last_probe_at': None, 'last_probe_success': None, 'last_probe_latency_ms': None, 'last_probe_error': None, 'last_call_at': '2026-07-05T04:06:26', 'last_call_success': True, 'last_call_error': None, 'total_calls': 5, 'total_failures': 0}, {'key': 'fund_name_em', 'name': 'Fund Name Table', 'category': 'Metadata', 'module': 'symbol_names', 'description': 'Fund code-to-name mapping', 'default_strategy': 'standard', 'enabled': True, 'anti_risk_strategy': 'standard', 'delay_min_ms': 300, 'delay_max_ms': 800, 'last_probe_at': None, 'last_probe_success': None, 'last_probe_latency_ms': None, 'last_probe_error': None, 'last_call_at': None, 'last_call_success': None, 'last_call_error': None, 'total_calls': 0, 'total_failures': 0}])
FAILED tests/test_blackbox_api_mgmt.py::test_probe_known_key_returns_result - httpx.ReadTimeout: timed out
FAILED tests/test_blackbox_api_mgmt.py::test_probe_returns_within_30s - httpx.ReadTimeout: timed out
FAILED tests/test_blackbox_api_mgmt.py::test_update_config_unknown_key_returns_404 - assert 422 == 404
 +  where 422 = <Response [422 Unprocessable Entity]>.status_code
FAILED tests/test_blackbox_api_mgmt.py::test_probe_returns_within_30s_with_real_backend - httpx.ReadTimeout: timed out
FAILED tests/test_blackbox_api_mgmt.py::test_probe_all_17_apis_complete_within_180s - AssertionError: 17 接口探测应在 180s 内完成（线程池未耗尽）, 实际耗时 595.3s, success=0, timeout=17
assert 595.2713611125946 < 180.0
FAILED tests/test_blackbox_api_mgmt.py::test_consecutive_probes_do_not_degrade_response_time - AssertionError: 所有探测应 < 30s, 实际 [30.0, 30.0, 30.0, 30.0, 30.0]
assert False
 +  where False = all(<generator object test_consecutive_probes_do_not_degrade_response_time.<locals>.<genexpr> at 0x000001C908547B90>)
============= 8 failed, 10 passed, 3 skipped in 879.98s (0:14:39) =============
